[2026-03-24 19:21:57] [sincronizarInventarioCompleto] Iniciando sincronización masiva (JOIN UPDATE)...
[2026-03-24 19:22:12] [sincronizarInventarioCompleto] Fin: parametros=10030, inventario_cnc actualizados=8120.
[2026-03-24 19:34:34] [sincronizarInventarioCompleto] Iniciando sincronización masiva (JOIN UPDATE)...
[2026-03-24 19:34:49] [sincronizarInventarioCompleto] Fin: parametros=10030, inventario_cnc actualizados=8120.
[2026-03-24 19:53:07] [sincronizarInventarioPorClaves] Iniciando sync restrictivo para 3570 clave(s)...
[2026-03-24 20:33:04] [sincronizarInventarioPorClaves] Iniciando sync restrictivo (sync_alterna) con 1785 claves y 1785 alternas...
[2026-03-24 20:33:04] [sincronizarInventarioPorClaves] Fin: 1785 items procesados, inventario_cnc actualizados=0.
[2026-03-24 20:35:02] [sincronizarInventarioPorClaves] Iniciando sync restrictivo (sync_alterna) con 1785 claves y 1785 alternas...
[2026-03-24 20:35:02] [sincronizarInventarioPorClaves] Fin: 1785 items procesados, inventario_cnc actualizados=0.
[2026-03-24 20:37:35] [sincronizarInventarioPorClaves] Iniciando sync restrictivo (sync_clave) con 1785 claves y 1785 alternas...
[2026-03-24 20:37:36] [sincronizarInventarioPorClaves] Fin: 1785 items procesados, inventario_cnc actualizados=2.
[2026-03-24 20:41:07] [sincronizarInventarioPorClaves] Iniciando sync restrictivo (sync_alterna) con 1785 claves y 1785 alternas...
[2026-03-24 20:41:07] [sincronizarInventarioPorClaves] Fin: 1785 items procesados, inventario_cnc actualizados=0.
[2026-03-24 20:45:42] [sincronizarInventarioPorClaves] Iniciando sync restrictivo (sync_ambas) con 1785 claves y 1785 alternas...
[2026-03-24 21:03:17] [sincronizarInventarioPorClaves] Iniciando sync restrictivo (sync_alterna) con 1785 claves principales...
[2026-03-24 21:03:17] [sincronizarInventarioPorClaves] Fin: 1785 items procesados, inventario_cnc actualizados=0.
[2026-03-24 21:05:03] [sincronizarInventarioPorClaves] Iniciando sync restrictivo (sync_alterna) con 1785 claves principales...
[2026-03-24 21:05:04] [sincronizarInventarioPorClaves] Fin: 1785 items procesados, inventario_cnc actualizados=0.
[2026-03-24 21:10:51] [sincronizarInventarioPorClaves] Iniciando sync restrictivo (sync_alterna) con 1785 claves principales...
[2026-03-24 21:10:51] [sincronizarInventarioPorClaves] Fin: 1785 items procesados, inventario_cnc actualizados=2.
[2026-03-24 21:13:31] [sincronizarInventarioPorClaves] Iniciando sync restrictivo (sync_clave) con 1786 claves principales...
[2026-03-24 21:13:31] [sincronizarInventarioPorClaves] Fin: 1786 items procesados, inventario_cnc actualizados=2.
[2026-03-24 22:01:00] [sincronizarInventarioPorClaves] Iniciando sync restrictivo (sync_alterna) con 1786 claves principales...
[2026-03-24 22:01:00] [sincronizarInventarioPorClaves] Fin: 1786 items procesados, inventario_cnc actualizados=3.
