== INICIO DE QR DINÁMICO ==
URL a codificar: https://sellosyretenes.com/plataforma/estimador/cotizador/modules/firmar.php?id_requisicion=3&t=g&token=4a77fb51cbac030c90119148c46c3ba908c53f78386a5ee065bf24f7d8868948
✅ QR generado y enviado correctamente.
== INICIO DE QR DINÁMICO ==
URL a codificar: https://sellosyretenes.com/plataforma/estimador/cotizador/modules/firmar.php?id_requisicion=4&t=g&token=e3768afa2f7a849a6d16649bd63aa408ca1b7db9fe5f032da1c03d3506eab9de
✅ QR generado y enviado correctamente.
== INICIO DE QR DINÁMICO ==
URL a codificar: https://sellosyretenes.com/plataforma/estimador/cotizador/modules/firmar.php?id_requisicion=5&t=g&token=ad8f9fe73e39c3be23f5ecab6d6d45e03f753c9d16b8f870c16dced24d832d2d
✅ QR generado y enviado correctamente.
== INICIO DE QR DINÁMICO ==
URL a codificar: https://sellosyretenes.com/plataforma/estimador/cotizador/modules/firmar.php?id_requisicion=6&t=g&token=fddc78202235b2110e460aef1ccf34dd984696d3282b3a7aee3202b6b2040e32
✅ QR generado y enviado correctamente.
== INICIO DE QR DINÁMICO ==
URL a codificar: https://sellosyretenes.com/plataforma/estimador/cotizador/modules/firmar.php?id_requisicion=7&t=g&token=042cb84bcdbb3e87dc5a051624d24cf18942095bb9e8e951416dada1f32cbbe7
✅ QR generado y enviado correctamente.
== INICIO DE QR DINÁMICO ==
URL a codificar: https://sellosyretenes.com/plataforma/estimador/cotizador/modules/firmar.php?id_requisicion=7&t=a&token=6c3b8c003826ed62f9c22a3bf39e7e1367fbb624964536c2a07ecd18d4b04bf0
✅ QR generado y enviado correctamente.
== INICIO DE QR DINÁMICO ==
URL a codificar: https://sellosyretenes.com/plataforma/estimador/cotizador/modules/firmar.php?id_requisicion=6&t=a&token=aec734fecd2feed672b59dd14439ed35de730e2105bd98f6118001707ad22778
✅ QR generado y enviado correctamente.
== INICIO DE QR DINÁMICO ==
URL a codificar: https://sellosyretenes.com/plataforma/estimador/cotizador/modules/firmar.php?id_requisicion=1&t=cnc&token=02186a8242f6dccad15f36220beea681e0c021193989a84f86c66730328d76da
✅ QR generado y enviado correctamente.
== INICIO DE QR DINÁMICO ==
URL a codificar: https://sellosyretenes.com/plataforma/estimador/cotizador/modules/firmar.php?id_requisicion=6&t=cnc&token=a873dd32916e03e1d5dd8cb0f230892a71f962a6ad9806167dfb6aec88dd1b83
✅ QR generado y enviado correctamente.
== INICIO DE QR DINÁMICO ==
URL a codificar: https://sellosyretenes.com/plataforma/estimador/cotizador/modules/firmar.php?id_requisicion=6&t=cnc&token=87ce3ee6e190047ea4420a738bbbe57ca42458d558092041864764481f393b48
✅ QR generado y enviado correctamente.
== INICIO DE QR DINÁMICO ==
URL a codificar: https://sellosyretenes.com/plataforma/estimador/cotizador/modules/firmar.php?id_requisicion=6&t=cnc&token=3ac821bf305614f0167bc3b3da9a7e95a6618a6747afb354c5ce5eaf32260044
✅ QR generado y enviado correctamente.
== INICIO DE QR DINÁMICO ==
URL a codificar: https://sellosyretenes.com/plataforma/estimador/cotizador/modules/firmar.php?id_requisicion=6&t=cnc&token=f54329ad06eb16209241a779b5e40d909808f40ec1957d37fe6633ed9c3f61aa
✅ QR generado y enviado correctamente.
== INICIO DE QR DINÁMICO ==
URL a codificar: https://sellosyretenes.com/plataforma/estimador/cotizador/modules/firmar.php?id_requisicion=6&t=cnc&token=230190bd22fd85c2eee643c4b7e29f6a57feb44abd25d0cdfce45212c95a9510
✅ QR generado y enviado correctamente.
== INICIO DE QR DINÁMICO ==
URL a codificar: https://sellosyretenes.com/plataforma/estimador/cotizador/modules/firmar.php?id_requisicion=1&t=cnc&token=a0e64cb2dc76d52c6644ec8d0a920c808827ba786d50768d1070e244fbe73a74
✅ QR generado y enviado correctamente.
== INICIO DE QR DINÁMICO ==
URL a codificar: https://sellosyretenes.com/plataforma/estimador/cotizador/modules/firmar.php?id_requisicion=7&t=cnc&token=ea0b2f798af8cf7515251719f41c9f6bff1794ba2f3bb9faa4b0b1d5f28a8748
✅ QR generado y enviado correctamente.
== INICIO DE QR DINÁMICO ==
URL a codificar: https://sellosyretenes.com/plataforma/estimador/cotizador/modules/firmar.php?id_requisicion=1&t=cnc&token=77d5231555e8f1e0fc68ddb9a3074b9eb0d36235c2ce4f2dcdaf1b530215d0fc
✅ QR generado y enviado correctamente.
== INICIO DE QR DINÁMICO ==
URL a codificar: https://sellosyretenes.com/plataforma/estimador/cotizador/modules/firmar.php?id_requisicion=6&t=cnc&token=78a961c2802ea1958fb692884e70cc210c1232c0243a403106535b589a4b0032
✅ QR generado y enviado correctamente.
== INICIO DE QR DINÁMICO ==
URL a codificar: https://sellosyretenes.com/plataforma/estimador/cotizador/modules/firmar.php?id_requisicion=7&t=cnc&token=5912430fce91a5b9a224906e66e509a53bde2b9667b18d695512b8e1c8860e82
✅ QR generado y enviado correctamente.
== INICIO DE QR DINÁMICO ==
URL a codificar: https://sellosyretenes.com/plataforma/estimador/cotizador/modules/firmar.php?id_requisicion=8&t=g&token=0f35389671be28a7ae8342102ecd06dbd9b537a4940c7f9d5c6b1b2892f21485
✅ QR generado y enviado correctamente.
== INICIO DE QR DINÁMICO ==
URL a codificar: https://sellosyretenes.com/plataforma/estimador/cotizador/modules/firmar.php?id_requisicion=8&t=a&token=352f0fad11968f1f1e77014bcb5585580ff1d0850eb7f4c25e093442c3ca4b97
✅ QR generado y enviado correctamente.
== INICIO DE QR DINÁMICO ==
URL a codificar: https://sellosyretenes.com/plataforma/estimador/cotizador/modules/firmar.php?id_requisicion=8&t=cnc&token=ff20125f146ab64fd23720e8412fcd001ee5e9235383f008eeccc8590cff5465
✅ QR generado y enviado correctamente.
== INICIO DE QR DINÁMICO ==
URL a codificar: https://sellosyretenes.com/plataforma/estimador/cotizador/modules/firmar.php?id_requisicion=1&t=g&token=b870c807fa1cfdd7491dcea17fcf2f3c3b555580d1e3580a8588da1d9506cf8c
✅ QR generado y enviado correctamente.
== INICIO DE QR DINÁMICO ==
URL a codificar: https://sellosyretenes.com/plataforma/estimador/cotizador/modules/firmar.php?id_requisicion=1&t=a&token=0a0ced83c92ad2b0dc36e3bb48a7c9aa2807b8122e06b8b1ec8cf7d9f4bf4f03
✅ QR generado y enviado correctamente.
== INICIO DE QR DINÁMICO ==
URL a codificar: https://sellosyretenes.com/plataforma/estimador/cotizador/modules/firmar.php?id_requisicion=1&t=cnc&token=80f409ec17b1a6c141c55f847c4887a59d8bdc6edc12a751669d2f146de4ec08
✅ QR generado y enviado correctamente.
== INICIO DE QR DINÁMICO ==
URL a codificar: https://sellosyretenes.com/plataforma/estimador/cotizador/modules/firmar.php?id_requisicion=2&t=g&token=91539d7292c222d238f71ada97ff058d719fd6d3fb532efd3dd3d98687914287
✅ QR generado y enviado correctamente.
== INICIO DE QR DINÁMICO ==
URL a codificar: https://sellosyretenes.com/plataforma/estimador/cotizador/modules/firmar.php?id_requisicion=3&t=a&token=9e4c4db8b812c0b30c9ac95970133725a584250912e62a30c89bb0b19b20cdd3
✅ QR generado y enviado correctamente.
== INICIO DE QR DINÁMICO ==
URL a codificar: https://sellosyretenes.com/plataforma/estimador/cotizador/modules/firmar.php?id_requisicion=3&t=a&token=9309757608692b3168a26b941b9fab7c9a8595907f85054d61d6ee0add12ff24
✅ QR generado y enviado correctamente.
== INICIO DE QR DINÁMICO ==
URL a codificar: https://sellosyretenes.com/plataforma/estimador/cotizador/modules/firmar.php?id_requisicion=3&t=cnc&token=7c3f1ad934f435a3eed97c931153a62e8f5eb1a24713f31696e1e6799ea37b74
✅ QR generado y enviado correctamente.
== INICIO DE QR DINÁMICO ==
URL a codificar: https://sellosyretenes.com/plataforma/estimador/cotizador/modules/firmar.php?id_requisicion=2&t=a&token=67ffb84ad7bb17978aba87d6261181c09696ba2438d76c29691735b8df20e11d
✅ QR generado y enviado correctamente.
== INICIO DE QR DINÁMICO ==
URL a codificar: https://sellosyretenes.com/plataforma/estimador/cotizador/modules/firmar.php?id_requisicion=3&t=cnc&token=c55c145efb8f668cc2e9ca23a8a8cbd6b1dc7dc48b10a331aa74f7c620b8bb42
✅ QR generado y enviado correctamente.
== INICIO DE QR DINÁMICO ==
URL a codificar: https://sellosyretenes.com/plataforma/estimador/cotizador/modules/firmar.php?id_requisicion=3&t=cnc&token=4afaf9c71968beb5ba84922c4e21d5d425ef5e8a66d2c09cfc7b4c003273c0c5
✅ QR generado y enviado correctamente.
== INICIO DE QR DINÁMICO ==
URL a codificar: https://sellosyretenes.com/plataforma/estimador/cotizador/modules/firmar.php?id_requisicion=3&t=cnc&token=34ae17e2ae6a3856ccac3b9ec40eb3f10fadf1df83e4d83b9cf1dc3450ce6575
✅ QR generado y enviado correctamente.
== INICIO DE QR DINÁMICO ==
URL a codificar: https://sellosyretenes.com/plataforma/estimador/cotizador/modules/firmar.php?id_requisicion=3&t=cnc&token=22bcc3b44f58b65de460d858b4506126a0ebfdc28bb647c6c66848b6b86a46d6
✅ QR generado y enviado correctamente.
== INICIO DE QR DINÁMICO ==
URL a codificar: https://sellosyretenes.com/plataforma/estimador/cotizador/modules/firmar.php?id_requisicion=3&t=cnc&token=263a379ec62659ea7490cb4288993e991b5401480615906cc86082e3ae1d2d14
✅ QR generado y enviado correctamente.
== INICIO DE QR DINÁMICO ==
URL a codificar: https://sellosyretenes.com/plataforma/estimador/cotizador/modules/firmar.php?id_requisicion=3&t=cnc&token=fe71d31514016118d05555efdb3b57d0e0e4a5307b26e95e9e684950f6b39970
✅ QR generado y enviado correctamente.
== INICIO DE QR DINÁMICO ==
URL a codificar: https://sellosyretenes.com/plataforma/estimador/cotizador/modules/firmar.php?id_requisicion=3&t=cnc&token=35ea213a8790b230118f7d52c88dd0b571e0ce5af23dea1e13df39a9c89d97e4
✅ QR generado y enviado correctamente.
== INICIO DE QR DINÁMICO ==
URL a codificar: https://sellosyretenes.com/plataforma/estimador/cotizador/modules/firmar.php?id_requisicion=3&t=cnc&token=e9fe22731480f157a433ad9f0d406051f9b3e8be355951164f4c0528688a9c2f
✅ QR generado y enviado correctamente.
== INICIO DE QR DINÁMICO ==
URL a codificar: https://sellosyretenes.com/plataforma/estimador/cotizador/modules/firmar.php?id_requisicion=3&t=cnc&token=4b3aa56d17d50ffb00e29637c0a92c750560f29cc3f8e6db6031b34a7023fc8f
✅ QR generado y enviado correctamente.
== INICIO DE QR DINÁMICO ==
URL a codificar: https://sellosyretenes.com/plataforma/estimador/cotizador/modules/firmar.php?id_requisicion=3&t=cnc&token=68f58f848284fbe799d8711b9ea10059f615f2208f8220b938b0cf1df30bd059
✅ QR generado y enviado correctamente.
== INICIO DE QR DINÁMICO ==
URL a codificar: https://sellosyretenes.com/plataforma/estimador/cotizador/modules/firmar.php?id_requisicion=3&t=cnc&token=f547af24c3daef161e9e475d70a0ce327f4c5cb227ff49fb10e2715ddba1db08
✅ QR generado y enviado correctamente.
== INICIO DE QR DINÁMICO ==
URL a codificar: https://sellosyretenes.com/plataforma/estimador/cotizador/modules/firmar.php?id_requisicion=3&t=cnc&token=9565722dade07c0624c92d313b879e04fd8628b5417aacecf5cfa9f04f1cacdf
✅ QR generado y enviado correctamente.
== INICIO DE QR DINÁMICO ==
URL a codificar: https://sellosyretenes.com/plataforma/estimador/cotizador/modules/firmar.php?id_requisicion=3&t=cnc&token=aba5d4ba0cc50f6c1c6aea3311248d20d2373c4689de5ebec04eee9aa336b67d
✅ QR generado y enviado correctamente.
== INICIO DE QR DINÁMICO ==
URL a codificar: https://sellosyretenes.com/plataforma/estimador/cotizador/modules/firmar.php?id_requisicion=3&t=cnc&token=30d077fb02eba594f208e845ae7e454661cdb8ca1da8a27e40f1e9c271474853
✅ QR generado y enviado correctamente.
== INICIO DE QR DINÁMICO ==
URL a codificar: https://sellosyretenes.com/plataforma/estimador/cotizador/modules/firmar.php?id_requisicion=4&t=g&token=cb53eec22de6c9dd6f3a74db0f80a8bf62c5e94c62c6104706accbfd0d225e37
✅ QR generado y enviado correctamente.
== INICIO DE QR DINÁMICO ==
URL a codificar: https://sellosyretenes.com/plataforma/estimador/cotizador/modules/firmar.php?id_requisicion=5&t=g&token=69a032624601329258a7a5f595f0cab5c4e09e4ff8aeb558964bb3f51c799b44
✅ QR generado y enviado correctamente.
== INICIO DE QR DINÁMICO ==
URL a codificar: https://sellosyretenes.com/plataforma/estimador/cotizador/modules/firmar.php?id_requisicion=2&t=a&token=c0a7386bb0499f56e4bffeac487a80ca852cb19b34adbd88bac5a21abd57cb37
✅ QR generado y enviado correctamente.
== INICIO DE QR DINÁMICO ==
URL a codificar: https://sellosyretenes.com/plataforma/estimador/cotizador/modules/firmar.php?id_requisicion=2&t=cnc&token=5ff097202202d09d518bfac01ab076a06c2a4b6da971a3b5bba2a6e1d600dffd
✅ QR generado y enviado correctamente.
== INICIO DE QR DINÁMICO ==
URL a codificar: https://sellosyretenes.com/plataforma/estimador/cotizador/modules/firmar.php?id_requisicion=4&t=a&token=4f3d0d04b033e1f1cae23a7f3d6f6a578f2f9f819977cd129f7e31af4f4c4ad0
✅ QR generado y enviado correctamente.
== INICIO DE QR DINÁMICO ==
URL a codificar: https://sellosyretenes.com/plataforma/estimador/cotizador/modules/firmar.php?id_requisicion=5&t=a&token=b710d1a9f8bcd497498cea68fda376260217d6c9404eaf1401ff7603fae962f8
✅ QR generado y enviado correctamente.
== INICIO DE QR DINÁMICO ==
URL a codificar: https://sellosyretenes.com/plataforma/estimador/cotizador/modules/firmar.php?id_requisicion=5&t=cnc&token=03f951490e8a59671f167e73ce84fe792b6158ebe51bf5e41b4fbc55686b2f9f
✅ QR generado y enviado correctamente.
== INICIO DE QR DINÁMICO ==
URL a codificar: https://sellosyretenes.com/plataforma/estimador/cotizador/modules/firmar.php?id_requisicion=4&t=cnc&token=f54842e4280700aec23f11a5f6cf2852e8bf042510554d31e8b7a881242a39f1
✅ QR generado y enviado correctamente.
== INICIO DE QR DINÁMICO ==
URL a codificar: https://sellosyretenes.com/plataforma/estimador/cotizador/modules/firmar.php?id_requisicion=4&t=cnc&token=dd49d815ba624146958b2afcb6125fd31d2a01e58db3f2374b86e53b6745c06f
✅ QR generado y enviado correctamente.
== INICIO DE QR DINÁMICO ==
URL a codificar: https://sellosyretenes.com/plataforma/estimador/cotizador/modules/firmar.php?id_requisicion=22&t=g&token=81aab5ea0545f293b7770b587655a255a920905b1da3731dd263f103d5f6787e
✅ QR generado y enviado correctamente.
== INICIO DE QR DINÁMICO ==
URL a codificar: https://sellosyretenes.com/plataforma/estimador/cotizador/modules/firmar.php?id_requisicion=23&t=a&token=804e628b151fcf2dff62617b872ae699e09ee481349555d10e15f8d5deedd423
✅ QR generado y enviado correctamente.
== INICIO DE QR DINÁMICO ==
URL a codificar: https://sellosyretenes.com/plataforma/estimador/cotizador/modules/firmar.php?id_requisicion=21&t=g&token=169e20f31d21a400f2ce37933d078d023ffd2c93126445c4f2111bc8674951c5
✅ QR generado y enviado correctamente.
== INICIO DE QR DINÁMICO ==
URL a codificar: https://sellosyretenes.com/plataforma/estimador/cotizador/modules/firmar.php?id_requisicion=20&t=g&token=0d235bfc15d17f4140db6f16a45348d74f63e01e17a8c89c14f36f44afeb2c75
✅ QR generado y enviado correctamente.
== INICIO DE QR DINÁMICO ==
URL a codificar: https://sellosyretenes.com/plataforma/estimador/cotizador/modules/firmar.php?id_requisicion=19&t=g&token=5005f070186bb5b83a1fd2142ae5c2376ad399a520bde9d6b4adbd1ce83ee849
✅ QR generado y enviado correctamente.
== INICIO DE QR DINÁMICO ==
URL a codificar: https://sellosyretenes.com/plataforma/estimador/cotizador/modules/firmar.php?id_requisicion=18&t=g&token=c38bbe1be6392e12a8add84c6c4d40f376a7657f20a16ff79b776247f5d23c78
✅ QR generado y enviado correctamente.
== INICIO DE QR DINÁMICO ==
URL a codificar: https://sellosyretenes.com/plataforma/estimador/cotizador/modules/firmar.php?id_requisicion=18&t=a&token=0c07b76c7e24eaee73f1d874fbd87a6d1c6412921512cc782c927c3d1a7a0bc2
✅ QR generado y enviado correctamente.
== INICIO DE QR DINÁMICO ==
URL a codificar: https://sellosyretenes.com/plataforma/estimador/cotizador/modules/firmar.php?id_requisicion=17&t=a&token=26fc4b11808412e48c000c3fc6aed014dbd202c057866d8130f3090687de3f10
✅ QR generado y enviado correctamente.
== INICIO DE QR DINÁMICO ==
URL a codificar: https://sellosyretenes.com/plataforma/estimador/cotizador/modules/firmar.php?id_requisicion=23&t=cnc&token=11c19158e9d575cfce258be7ff817747e1ff57679ecfc9d283bf765f7580ae6d
✅ QR generado y enviado correctamente.
== INICIO DE QR DINÁMICO ==
URL a codificar: https://sellosyretenes.com/plataforma/estimador/cotizador/modules/firmar.php?id_requisicion=23&t=cnc&token=840f9594f36b699398dc9fff4bf111877c2dd947ff6daed9cb3dd9edf6d9d84d
✅ QR generado y enviado correctamente.
== INICIO DE QR DINÁMICO ==
URL a codificar: https://sellosyretenes.com/plataforma/estimador/cotizador/modules/firmar.php?id_requisicion=23&t=cnc&token=33c96dd42afc16ff3022c2a688432fae1e6a6711b6c841d60dbe80063d7e920b
✅ QR generado y enviado correctamente.
== INICIO DE QR DINÁMICO ==
URL a codificar: https://sellosyretenes.com/plataforma/estimador/cotizador/modules/firmar.php?id_requisicion=23&t=cnc&token=0ee58953c60cce2a06d633aa4a9640808a16ef92ce26616b669d6f4b739a3a67
✅ QR generado y enviado correctamente.
== INICIO DE QR DINÁMICO ==
URL a codificar: https://sellosyretenes.com/plataforma/estimador/cotizador/modules/firmar.php?id_requisicion=23&t=cnc&token=0cfec3f4217f52cbff7b2b1e15e51de875387e08da13857de5b00879535ed4c8
✅ QR generado y enviado correctamente.
== INICIO DE QR DINÁMICO ==
URL a codificar: https://sellosyretenes.com/plataforma/estimador/cotizador/modules/firmar.php?id_requisicion=23&t=cnc&token=8b2db65390cb8350f62d6c8ccb239495288b3b1c96de9480d77a43191fda69d9
✅ QR generado y enviado correctamente.
== INICIO DE QR DINÁMICO ==
URL a codificar: https://sellosyretenes.com/plataforma/estimador/cotizador/modules/firmar.php?id_requisicion=23&t=cnc&token=9b223cac868e141945cd7d3f5162e9d5b628ee31a411869304ae3366033d1c17
✅ QR generado y enviado correctamente.
== INICIO DE QR DINÁMICO ==
URL a codificar: https://sellosyretenes.com/plataforma/estimador/cotizador/modules/firmar.php?id_requisicion=23&t=cnc&token=1a32789bdfbcb319315f40203103e91de1b7b568918257f1c787ecdef5ee07d1
✅ QR generado y enviado correctamente.
== INICIO DE QR DINÁMICO ==
URL a codificar: https://sellosyretenes.com/plataforma/estimador/cotizador/modules/firmar.php?id_requisicion=23&t=cnc&token=2984ce136f89c91d2d4c732f25907b2ea7d87eeed8191062d213cbad23a2313b
✅ QR generado y enviado correctamente.
== INICIO DE QR DINÁMICO ==
URL a codificar: https://sellosyretenes.com/plataforma/estimador/cotizador/modules/firmar.php?id_requisicion=23&t=cnc&token=47d8dd86c21c6cb8c9b3c06e479f47c085b6a26656984d69f4fe185bb38ed883
✅ QR generado y enviado correctamente.
== INICIO DE QR DINÁMICO ==
URL a codificar: https://sellosyretenes.com/plataforma/estimador/cotizador/modules/firmar.php?id_requisicion=23&t=cnc&token=64909e882359d884d3be43dbc386436b6b4a09fe0afd8f7f90f2eff29d88d7b0
✅ QR generado y enviado correctamente.
== INICIO DE QR DINÁMICO ==
URL a codificar: https://sellosyretenes.com/plataforma/estimador/cotizador/modules/firmar.php?id_requisicion=23&t=cnc&token=b45cedcededf44a06979c716656529a7703a33378891cca83cfa0d1f41aad8ff
✅ QR generado y enviado correctamente.
== INICIO DE QR DINÁMICO ==
URL a codificar: https://sellosyretenes.com/plataforma/estimador/cotizador/modules/firmar.php?id_requisicion=23&t=cnc&token=7738ad585bc5f9c5d29fe2d11c61ae85228ad33931b04fc527522f5cfa549572
✅ QR generado y enviado correctamente.
== INICIO DE QR DINÁMICO ==
URL a codificar: https://sellosyretenes.com/plataforma/estimador/cotizador/modules/firmar.php?id_requisicion=23&t=cnc&token=90a9506a48b3840dcd9877a544f23c09b6a590fad442c3d32a5ebe768f2513ac
✅ QR generado y enviado correctamente.
== INICIO DE QR DINÁMICO ==
URL a codificar: https://sellosyretenes.com/plataforma/estimador/cotizador/modules/firmar.php?id_requisicion=23&t=cnc&token=c165a31daca9a8660cea5396b800306b36e04f42a6021d53c50756504bdd3aca
✅ QR generado y enviado correctamente.
== INICIO DE QR DINÁMICO ==
URL a codificar: https://sellosyretenes.com/plataforma/estimador/cotizador/modules/firmar.php?id_requisicion=23&t=cnc&token=66f1d4df70092e220100908a2f8ba98df23f08ef8b6abded76eebb8547ab3e05
✅ QR generado y enviado correctamente.
== INICIO DE QR DINÁMICO ==
URL a codificar: https://sellosyretenes.com/plataforma/estimador/cotizador/modules/firmar.php?id_requisicion=23&t=cnc&token=5647dea4a97819cc3864598d3d3ceafd9eee81dfdca6103513e2c4d862335105
✅ QR generado y enviado correctamente.
== INICIO DE QR DINÁMICO ==
URL a codificar: https://sellosyretenes.com/plataforma/estimador/cotizador/modules/firmar.php?id_requisicion=23&t=cnc&token=7884fa6639e9b5af693011b8290e2df03642410bee2cd4c1ab81dbdda00008b1
✅ QR generado y enviado correctamente.
== INICIO DE QR DINÁMICO ==
URL a codificar: https://sellosyretenes.com/plataforma/estimador/cotizador/modules/firmar.php?id_requisicion=23&t=cnc&token=43041438009ff9c99b6f8da819226fce2da274e4ca63b0fc3309831c4d6d0630
✅ QR generado y enviado correctamente.
== INICIO DE QR DINÁMICO ==
URL a codificar: https://sellosyretenes.com/plataforma/estimador/cotizador/modules/firmar.php?id_requisicion=23&t=cnc&token=d4f136885e3921d2ca1f46cdb729a7517623df4c30d9f007ba7e9e7837189e50
✅ QR generado y enviado correctamente.
== INICIO DE QR DINÁMICO ==
URL a codificar: https://sellosyretenes.com/plataforma/estimador/cotizador/modules/firmar.php?id_requisicion=23&t=cnc&token=8647226b7899f4e4ad246495b29da77549e21779ed2b65424b4b69fbd539e118
✅ QR generado y enviado correctamente.
== INICIO DE QR DINÁMICO ==
URL a codificar: https://sellosyretenes.com/plataforma/estimador/cotizador/modules/firmar.php?id_requisicion=23&t=cnc&token=fe6a1cc966be8458c118fe5fda4a89b063d20f769eada19117b608c91883fb71
✅ QR generado y enviado correctamente.
== INICIO DE QR DINÁMICO ==
URL a codificar: https://sellosyretenes.com/plataforma/estimador/cotizador/modules/firmar.php?id_requisicion=23&t=cnc&token=4c6644dc7c2f6e6149719a74f1369df2fb7cbf7c75c53c774f5bfffad20746cc
✅ QR generado y enviado correctamente.
== INICIO DE QR DINÁMICO ==
URL a codificar: https://sellosyretenes.com/plataforma/estimador/cotizador/modules/firmar.php?id_requisicion=23&t=cnc&token=20d3499c279af6ca0355cbdc1256901170426002535a2962b6ad95ca67d3827d
✅ QR generado y enviado correctamente.
== INICIO DE QR DINÁMICO ==
URL a codificar: https://sellosyretenes.com/plataforma/estimador/cotizador/modules/firmar.php?id_requisicion=23&t=cnc&token=2b839f6c56019bb3eab0ed3f95da48e4268280a5e2ff8c40af3b69a1dafe22fc
✅ QR generado y enviado correctamente.
== INICIO DE QR DINÁMICO ==
URL a codificar: https://sellosyretenes.com/plataforma/estimador/cotizador/modules/firmar.php?id_requisicion=23&t=cnc&token=974797b5d5467bc3259f208ca90045bde90ba74afd8bedbc5fc7f26311b139fc
✅ QR generado y enviado correctamente.
== INICIO DE QR DINÁMICO ==
URL a codificar: https://sellosyretenes.com/plataforma/estimador/cotizador/modules/firmar.php?id_requisicion=23&t=cnc&token=dbd4059fd6d468321597189ca3526a57bb0e3d9b45cd07c836bb8c9d77bfc38b
✅ QR generado y enviado correctamente.
== INICIO DE QR DINÁMICO ==
URL a codificar: https://sellosyretenes.com/plataforma/estimador/cotizador/modules/firmar.php?id_requisicion=18&t=cnc&token=5a4006c90b0f20414d40cd325effae7e90355a7f68ccdd7b1751a450f54ba0c3
✅ QR generado y enviado correctamente.
== INICIO DE QR DINÁMICO ==
URL a codificar: https://sellosyretenes.com/plataforma/estimador/cotizador/modules/firmar.php?id_requisicion=23&t=cnc&token=259b022ff36316589e8fd0bdfe8a8298f10f528641e511d43168738d64abf683
✅ QR generado y enviado correctamente.
== INICIO DE QR DINÁMICO ==
URL a codificar: https://sellosyretenes.com/plataforma/estimador/cotizador/modules/firmar.php?id_requisicion=23&t=cnc&token=3acf9de68e0e8858ba47391d5b49a9427c0633813ebc72fa22c6a80cc4649ede
✅ QR generado y enviado correctamente.
== INICIO DE QR DINÁMICO ==
URL a codificar: https://sellosyretenes.com/plataforma/estimador/cotizador/modules/firmar.php?id_requisicion=23&t=cnc&token=878809c67e26fac35e2bfe57f32273c4fbe6a9ea94a06bb550566b38f6b0b5a4
✅ QR generado y enviado correctamente.
== INICIO DE QR DINÁMICO ==
URL a codificar: https://sellosyretenes.com/plataforma/estimador/cotizador/modules/firmar.php?id_requisicion=23&t=cnc&token=6427b8f0493cadb8294707417d89ade3e32214c55bbd751664a531eca9d289e7
✅ QR generado y enviado correctamente.
== INICIO DE QR DINÁMICO ==
URL a codificar: https://sellosyretenes.com/plataforma/estimador/cotizador/modules/firmar.php?id_requisicion=23&t=cnc&token=cf11b803aeea2f8b4af7671190155b5c576061cd5708c8ec64511e51e13acb3d
✅ QR generado y enviado correctamente.
== INICIO DE QR DINÁMICO ==
URL a codificar: https://sellosyretenes.com/plataforma/estimador/cotizador/modules/firmar.php?id_requisicion=23&t=cnc&token=3782ee767c490590a1a98ca91b32b6a8dcd978907d01cb13addf01ab5320a83a
✅ QR generado y enviado correctamente.
== INICIO DE QR DINÁMICO ==
URL a codificar: https://sellosyretenes.com/plataforma/estimador/cotizador/modules/firmar.php?id_requisicion=23&t=cnc&token=373ae29be0ede6972a5f61e5313bfa01ad3ba1e01a4c183d9ddfb92007f8270c
✅ QR generado y enviado correctamente.
== INICIO DE QR DINÁMICO ==
URL a codificar: https://sellosyretenes.com/plataforma/estimador/cotizador/modules/firmar.php?id_requisicion=23&t=cnc&token=b152be5d5bc16f919cee387ab21e1031238df8a279357286dac9552cbece753f
✅ QR generado y enviado correctamente.
== INICIO DE QR DINÁMICO ==
URL a codificar: https://sellosyretenes.com/plataforma/estimador/cotizador/modules/firmar.php?id_requisicion=23&t=cnc&token=10c62fbf4c93f6d9fc9df5a4c55aead88ddb38072d7c0a3eefefd38e570478ae
✅ QR generado y enviado correctamente.
== INICIO DE QR DINÁMICO ==
URL a codificar: https://sellosyretenes.com/plataforma/estimador/cotizador/modules/firmar.php?id_requisicion=18&t=cnc&token=a26f46d236d2e6f89ec3d6991c67aa3a192811cb198641a1ca050914724abfc2
✅ QR generado y enviado correctamente.
== INICIO DE QR DINÁMICO ==
URL a codificar: https://sellosyretenes.com/plataforma/estimador/cotizador/modules/firmar.php?id_requisicion=18&t=cnc&token=5dc8f440b70be9056495a047e81c4e457f1eda8bac0e38d59c8ea17c0c84d305
✅ QR generado y enviado correctamente.
== INICIO DE QR DINÁMICO ==
URL a codificar: https://sellosyretenes.com/plataforma/estimador/cotizador/modules/firmar.php?id_requisicion=17&t=cnc&token=0ce7aebff0fda1e7255554d3950e5c7f5426cf7970221fb7927af316ac10592d
✅ QR generado y enviado correctamente.
== INICIO DE QR DINÁMICO ==
URL a codificar: https://sellosyretenes.com/plataforma/estimador/cotizador/modules/firmar.php?id_requisicion=17&t=cnc&token=ccae2232ffb5980b5be28b8dae8e802d4fc8449170a03fc4948edd5e1f094b26
✅ QR generado y enviado correctamente.
== INICIO DE QR DINÁMICO ==
URL a codificar: https://sellosyretenes.com/plataforma/estimador/cotizador/modules/firmar.php?id_requisicion=17&t=cnc&token=ad9b2dd6011d38440aba4bf5e45cdb0a0a6ff05dfecd34b3c5c278fca7f3fec5
✅ QR generado y enviado correctamente.
== INICIO DE QR DINÁMICO ==
URL a codificar: https://sellosyretenes.com/plataforma/estimador/cotizador/modules/firmar.php?id_requisicion=17&t=cnc&token=d7a7c073e8ec85e139f037cce61f6f717c9c62410bb88d7b0c92a0780a1e68f4
✅ QR generado y enviado correctamente.
== INICIO DE QR DINÁMICO ==
URL a codificar: https://sellosyretenes.com/plataforma/estimador/cotizador/modules/firmar.php?id_requisicion=4&t=cnc&token=d7643bfaeb9386d346c631cadcd156ed63adee121a35db11062eb75dd8306c88
✅ QR generado y enviado correctamente.
== INICIO DE QR DINÁMICO ==
URL a codificar: https://sellosyretenes.com/plataforma/estimador/cotizador/modules/firmar.php?id_requisicion=1&t=g&token=38c943373b61b515a75f66a4199c4a08dd6f613a027eba9398cdb1d4ce4d0df6
✅ QR generado y enviado correctamente.
== INICIO DE QR DINÁMICO ==
URL a codificar: https://sellosyretenes.com/plataforma/estimador/cotizador/modules/firmar.php?id_requisicion=2&t=g&token=df28a5157d74c07de1780238952fe56d09e522b256196a4525f0af69ed62950c
✅ QR generado y enviado correctamente.
== INICIO DE QR DINÁMICO ==
URL a codificar: https://sellosyretenes.com/plataforma/estimador/cotizador/modules/firmar.php?id_requisicion=3&t=g&token=bee53f5fd4f7f68981c908bca09437cf083ddae1d27d0318a4e0ad9695209153
✅ QR generado y enviado correctamente.
== INICIO DE QR DINÁMICO ==
URL a codificar: https://sellosyretenes.com/plataforma/estimador/cotizador/modules/firmar.php?id_requisicion=4&t=g&token=8efe9f3c4c8fe5ee740b2010747cabb7d16e7b23c3edadc80ecca7d0f0b76f5b
✅ QR generado y enviado correctamente.
== INICIO DE QR DINÁMICO ==
URL a codificar: https://sellosyretenes.com/plataforma/estimador/cotizador/modules/firmar.php?id_requisicion=1&t=a&token=f247a8ad1ee1cea503605bd7e2f33044fda287acc65d8e7d6de4f03b5e4a4ff9
✅ QR generado y enviado correctamente.
== INICIO DE QR DINÁMICO ==
URL a codificar: https://sellosyretenes.com/plataforma/estimador/cotizador/modules/firmar.php?id_requisicion=2&t=a&token=131d3315ffd6720677b836f78ca8d6fdb1f3c675744c56eaf626b0ed39c6970a
✅ QR generado y enviado correctamente.
== INICIO DE QR DINÁMICO ==
URL a codificar: https://sellosyretenes.com/plataforma/estimador/cotizador/modules/firmar.php?id_requisicion=3&t=a&token=ba6de1e4b3994069a1df5c687b5c54e1ccff0cbf6108af86d11441c7b5c355ad
✅ QR generado y enviado correctamente.
== INICIO DE QR DINÁMICO ==
URL a codificar: https://sellosyretenes.com/plataforma/estimador/cotizador/modules/firmar.php?id_requisicion=4&t=a&token=1a6c215ea7c845182948b283dd4c46fe86263a2ab4af7368f001a716b3b701c6
✅ QR generado y enviado correctamente.
== INICIO DE QR DINÁMICO ==
URL a codificar: https://sellosyretenes.com/plataforma/estimador/cotizador/modules/firmar.php?id_requisicion=4&t=cnc&token=51443b3fa01d616958a4693a76cce74ddbf945fd261c479a5b7d98dd7afc34aa
✅ QR generado y enviado correctamente.
== INICIO DE QR DINÁMICO ==
URL a codificar: https://sellosyretenes.com/plataforma/estimador/cotizador/modules/firmar.php?id_requisicion=5&t=a&token=937593562481d12c9d6392605c4b77eda5ffae52d0aca61c20e009cdf68dac27
✅ QR generado y enviado correctamente.
